<?xml version="1.0"?>
<ruleset xmlns="http://codenarc.org/ruleset/1.0"
         xmlns:xsi="http://www.w3.org/2001/XMLSchema-instance"
         xsi:schemaLocation="http://codenarc.org/ruleset/1.0 http://codenarc.org/ruleset-schema.xsd"
         xsi:noNamespaceSchemaLocation="http://codenarc.org/ruleset-schema.xsd">

    <description>Test ruleset for unit tests</description>

    <!-- Only include a few basic rules for testing -->
    <rule class='org.codenarc.rule.imports.UnusedImportRule'/>
    <rule class='org.codenarc.rule.imports.DuplicateImportRule'/>
    <rule class='org.codenarc.rule.basic.EmptyIfStatementRule'/>
    <rule class='org.codenarc.rule.basic.EmptyWhileStatementRule'/>

</ruleset>
